23.02.2019 
  v0.1 / Release
25.02.2019 
  v0.2 / Auto-Update + Add selecter of all process/only multimedia
26.02.2019
  v0.3 / * Change Volume in Active Window
         * Fix bugs
01.03.2019
  v0.3b / Fix autoupdate
05.03.2019
  v0.4 REBORN / * Recoded profile system
                * Rewritten auto update system
12.03.2019
  v0.5 REBORN / * Added save profile function
                * Fixed the minimizing a window of sound mixer
23.03.2019
  v0.6 RELEASE / * Fix duplicate processes
                 * Fix maximize a window
* When loading a profile, the PID will be determined based on the application process name, and not from the specified .ini file.
Now it makes sense to constantly use the load/unload profiles.

11.12.2020
  v0.6x / Improved tabulation
